<?xml version="1.0" encoding="UTF-8"?>
<!-- Generated by org.testng.reporters.JUnitXMLReporter -->
<testsuite hostname="DDSPL1550" ignored="0" name="Default test" tests="5" failures="0" timestamp="16 Dec 2018 19:14:52 GMT" time="190.455" errors="0">
  <testcase name="feature" time="3.879" classname="cucumber.api.testng.AbstractTestNGCucumberTests"/>
  <testcase name="feature" time="67.988" classname="cucumber.api.testng.AbstractTestNGCucumberTests"/>
  <testcase name="feature" time="0.111" classname="cucumber.api.testng.AbstractTestNGCucumberTests"/>
  <testcase name="feature" time="0.127" classname="cucumber.api.testng.AbstractTestNGCucumberTests"/>
  <testcase name="feature" time="0.126" classname="cucumber.api.testng.AbstractTestNGCucumberTests"/>
</testsuite> <!-- Default test -->
