<?xml version="1.0" encoding="UTF-8"?>
<!-- Generated by org.testng.reporters.JUnitXMLReporter -->
<testsuite hostname="DDSPL1550" ignored="0" name="N26Automation" tests="5" failures="0" timestamp="16 Dec 2018 19:21:14 GMT" time="184.968" errors="0">
  <testcase name="feature" time="3.504" classname="cucumber.api.testng.AbstractTestNGCucumberTests"/>
  <testcase name="feature" time="66.745" classname="cucumber.api.testng.AbstractTestNGCucumberTests"/>
  <testcase name="feature" time="0.118" classname="cucumber.api.testng.AbstractTestNGCucumberTests"/>
  <testcase name="feature" time="0.145" classname="cucumber.api.testng.AbstractTestNGCucumberTests"/>
  <testcase name="feature" time="0.104" classname="cucumber.api.testng.AbstractTestNGCucumberTests"/>
</testsuite> <!-- N26Automation -->
